# JRE version: OpenJDK Runtime Environment Corretto-21.0.11.10.1 (21.0.11+10) (build 21.0.11+10-LTS)
# Java VM: OpenJDK 64-Bit Server VM Corretto-21.0.11.10.1 (21.0.11+10-LTS, mixed mode, sharing, tiered, compressed oops, compressed class ptrs, g1 gc, windows-amd64)
GC Precious Log:
 CardTable entry size: 512
 Card Set container configuration: InlinePtr #cards 4 size 8 Array Of Cards #cards 64 size 144 Howl #buckets 8 coarsen threshold 14745 Howl Bitmap #cards 2048 size 272 coarsen threshold 1843 Card regions per heap region 1 cards per card region 16384
 CPUs: 16 total, 16 available
 Memory: 40745M
 Large Page Support: Disabled
 NUMA Support: Disabled
 Compressed Oops: Enabled (Zero based)
 Heap Region Size: 8M
 Heap Min Capacity: 8M
 Heap Initial Capacity: 640M
 Heap Max Capacity: 10192M
 Pre-touch: Disabled
 Parallel Workers: 13
 Concurrent Workers: 3
 Concurrent Refinement Workers: 13
 Periodic GC: Disabled
Heap:
 garbage-first heap   total 212992K, used 52845K [0x0000000583000000, 0x0000000800000000)
  region size 8192K, 1 young (8192K), 0 survivors (0K)
 Metaspace       used 100542K, committed 101696K, reserved 1179648K
  class space    used 13836K, committed 14336K, reserved 1048576K
GC Heap History (20 events):
Event: 1372.450 GC heap before
{Heap before GC invocations=47 (full 0):
 garbage-first heap   total 212992K, used 178397K [0x0000000583000000, 0x0000000800000000)
  region size 8192K, 15 young (122880K), 1 survivors (8192K)
 Metaspace       used 100451K, committed 101632K, reserved 1179648K
  class space    used 13812K, committed 14336K, reserved 1048576K
}
Event: 1372.451 GC heap after
{Heap after GC invocations=48 (full 0):
 garbage-first heap   total 212992K, used 63986K [0x0000000583000000, 0x0000000800000000)
  region size 8192K, 1 young (8192K), 1 survivors (8192K)
 Metaspace       used 100451K, committed 101632K, reserved 1179648K
  class space    used 13812K, committed 14336K, reserved 1048576K
}
Event: 1407.433 GC heap before
{Heap before GC invocations=48 (full 0):
 garbage-first heap   total 212992K, used 178674K [0x0000000583000000, 0x0000000800000000)
  region size 8192K, 15 young (122880K), 1 survivors (8192K)
 Metaspace       used 100451K, committed 101632K, reserved 1179648K
  class space    used 13812K, committed 14336K, reserved 1048576K
}
Event: 1407.434 GC heap after
{Heap after GC invocations=49 (full 0):
 garbage-first heap   total 212992K, used 63857K [0x0000000583000000, 0x0000000800000000)
  region size 8192K, 1 young (8192K), 1 survivors (8192K)
 Metaspace       used 100451K, committed 101632K, reserved 1179648K
  class space    used 13812K, committed 14336K, reserved 1048576K
}
Event: 1530.273 GC heap before
{Heap before GC invocations=49 (full 0):
 garbage-first heap   total 212992K, used 178545K [0x0000000583000000, 0x0000000800000000)
  region size 8192K, 15 young (122880K), 1 survivors (8192K)
 Metaspace       used 100453K, committed 101632K, reserved 1179648K
  class space    used 13812K, committed 14336K, reserved 1048576K
}
Event: 1530.274 GC heap after
{Heap after GC invocations=50 (full 0):
 garbage-first heap   total 212992K, used 63670K [0x0000000583000000, 0x0000000800000000)
  region size 8192K, 1 young (8192K), 1 survivors (8192K)
 Metaspace       used 100453K, committed 101632K, reserved 1179648K
  class space    used 13812K, committed 14336K, reserved 1048576K
}
Event: 1557.067 GC heap before
{Heap before GC invocations=50 (full 0):
 garbage-first heap   total 212992K, used 178358K [0x0000000583000000, 0x0000000800000000)
  region size 8192K, 15 young (122880K), 1 survivors (8192K)
 Metaspace       used 100453K, committed 101632K, reserved 1179648K
  class space    used 13812K, committed 14336K, reserved 1048576K
}
Event: 1557.068 GC heap after
{Heap after GC invocations=51 (full 0):
 garbage-first heap   total 212992K, used 63661K [0x0000000583000000, 0x0000000800000000)
  region size 8192K, 1 young (8192K), 1 survivors (8192K)
 Metaspace       used 100453K, committed 101632K, reserved 1179648K
  class space    used 13812K, committed 14336K, reserved 1048576K
}
Event: 1592.427 GC heap before
{Heap before GC invocations=51 (full 0):
 garbage-first heap   total 212992K, used 178349K [0x0000000583000000, 0x0000000800000000)
  region size 8192K, 15 young (122880K), 1 survivors (8192K)
 Metaspace       used 100455K, committed 101632K, reserved 1179648K
  class space    used 13812K, committed 14336K, reserved 1048576K
}
Event: 1592.429 GC heap after
{Heap after GC invocations=52 (full 0):
 garbage-first heap   total 212992K, used 63945K [0x0000000583000000, 0x0000000800000000)
  region size 8192K, 1 young (8192K), 1 survivors (8192K)
 Metaspace       used 100455K, committed 101632K, reserved 1179648K
  class space    used 13812K, committed 14336K, reserved 1048576K
}
Event: 1622.447 GC heap before
{Heap before GC invocations=52 (full 0):
 garbage-first heap   total 212992K, used 178633K [0x0000000583000000, 0x0000000800000000)
  region size 8192K, 15 young (122880K), 1 survivors (8192K)
 Metaspace       used 100455K, committed 101632K, reserved 1179648K
  class space    used 13812K, committed 14336K, reserved 1048576K
}
Event: 1622.448 GC heap after
{Heap after GC invocations=53 (full 0):
 garbage-first heap   total 212992K, used 63657K [0x0000000583000000, 0x0000000800000000)
  region size 8192K, 1 young (8192K), 1 survivors (8192K)
 Metaspace       used 100455K, committed 101632K, reserved 1179648K
  class space    used 13812K, committed 14336K, reserved 1048576K
}
Event: 1657.059 GC heap before
{Heap before GC invocations=53 (full 0):
 garbage-first heap   total 212992K, used 178345K [0x0000000583000000, 0x0000000800000000)
  region size 8192K, 15 young (122880K), 1 survivors (8192K)
 Metaspace       used 100456K, committed 101632K, reserved 1179648K
  class space    used 13812K, committed 14336K, reserved 1048576K
}
Event: 1657.060 GC heap after
{Heap after GC invocations=54 (full 0):
 garbage-first heap   total 212992K, used 63722K [0x0000000583000000, 0x0000000800000000)
  region size 8192K, 1 young (8192K), 1 survivors (8192K)
 Metaspace       used 100456K, committed 101632K, reserved 1179648K
  class space    used 13812K, committed 14336K, reserved 1048576K
}
Event: 1687.087 GC heap before
{Heap before GC invocations=54 (full 0):
 garbage-first heap   total 212992K, used 178410K [0x0000000583000000, 0x0000000800000000)
  region size 8192K, 15 young (122880K), 1 survivors (8192K)
 Metaspace       used 100456K, committed 101632K, reserved 1179648K
  class space    used 13812K, committed 14336K, reserved 1048576K
}
Event: 1687.088 GC heap after
{Heap after GC invocations=55 (full 0):
 garbage-first heap   total 212992K, used 63736K [0x0000000583000000, 0x0000000800000000)
  region size 8192K, 1 young (8192K), 1 survivors (8192K)
 Metaspace       used 100456K, committed 101632K, reserved 1179648K
  class space    used 13812K, committed 14336K, reserved 1048576K
}
Event: 1722.088 GC heap before
{Heap before GC invocations=55 (full 0):
 garbage-first heap   total 212992K, used 178424K [0x0000000583000000, 0x0000000800000000)
  region size 8192K, 15 young (122880K), 1 survivors (8192K)
 Metaspace       used 100456K, committed 101632K, reserved 1179648K
  class space    used 13812K, committed 14336K, reserved 1048576K
}
Event: 1722.090 GC heap after
{Heap after GC invocations=56 (full 0):
 garbage-first heap   total 212992K, used 63730K [0x0000000583000000, 0x0000000800000000)
  region size 8192K, 1 young (8192K), 1 survivors (8192K)
 Metaspace       used 100456K, committed 101632K, reserved 1179648K
  class space    used 13812K, committed 14336K, reserved 1048576K
}
Event: 1728.845 GC heap before
{Heap before GC invocations=56 (full 0):
 garbage-first heap   total 212992K, used 88306K [0x0000000583000000, 0x0000000800000000)
  region size 8192K, 5 young (40960K), 1 survivors (8192K)
 Metaspace       used 100535K, committed 101696K, reserved 1179648K
  class space    used 13835K, committed 14336K, reserved 1048576K
}
Event: 1729.023 GC heap after
{Heap after GC invocations=57 (full 1):
 garbage-first heap   total 212992K, used 52845K [0x0000000583000000, 0x0000000800000000)
  region size 8192K, 0 young (0K), 0 survivors (0K)
 Metaspace       used 100535K, committed 101696K, reserved 1179648K
  class space    used 13835K, committed 14336K, reserved 1048576K
}

